<?xml version="1.0" encoding="UTF-8"?>
<!-- Generated by org.testng.reporters.JUnitReportReporter -->
<testsuite hostname="vrushank" name="gapp.model.dao.DepartmentDaoTest" tests="1" failures="0" timestamp="1 Feb 2016 22:10:58 GMT" time="0.253" errors="0">
  <testcase name="getDepartments" time="0.253" classname="gapp.model.dao.DepartmentDaoTest"/>
</testsuite> <!-- gapp.model.dao.DepartmentDaoTest -->
