<?xml version="1.0" encoding="UTF-8"?>
<!-- Generated by org.testng.reporters.JUnitReportReporter -->
<testsuite hostname="vrushank" name="gapp.model.dao.ApplicationDaoTest" tests="2" failures="0" timestamp="1 Feb 2016 22:11:08 GMT" time="0.331" errors="0">
  <testcase name="getApplicationByDepartment" time="0.236" classname="gapp.model.dao.ApplicationDaoTest"/>
  <testcase name="getApplicationForStudent" time="0.095" classname="gapp.model.dao.ApplicationDaoTest"/>
</testsuite> <!-- gapp.model.dao.ApplicationDaoTest -->
