<?xml version="1.0" encoding="UTF-8"?>
<!-- Generated by org.testng.reporters.JUnitReportReporter -->
<testsuite hostname="vrushank" name="gapp.model.dao.ApplicationDaoTest" tests="2" failures="0" timestamp="7 Mar 2016 21:43:09 GMT" time="0.362" errors="0">
  <testcase name="getApplicationByDepartment" time="0.331" classname="gapp.model.dao.ApplicationDaoTest"/>
  <testcase name="getApplicationForStudent" time="0.031" classname="gapp.model.dao.ApplicationDaoTest"/>
</testsuite> <!-- gapp.model.dao.ApplicationDaoTest -->
