<?xml version="1.0" encoding="UTF-8"?>
<!-- Generated by org.testng.reporters.JUnitReportReporter -->
<testsuite hostname="vrushank" name="gapp.model.dao.DepartmentDaoTest" tests="1" failures="0" timestamp="7 Mar 2016 21:43:09 GMT" time="0.016" errors="0">
  <testcase name="getDepartments" time="0.016" classname="gapp.model.dao.DepartmentDaoTest"/>
</testsuite> <!-- gapp.model.dao.DepartmentDaoTest -->
